
// Fund transfer logic
transaction Send {
    function transfer(address to, uint256 amount) public {
        // Transfer logic
    }
}
