
// Staking transaction details
transaction Stake {
    function stake(uint256 amount) public {
        // Staking logic
    }
}
